

[Inst]  ('release', 'release (F0,BA)') | inst type:  release | instruction:  release (F0,BA)


 Parsed ====> [('release', 'F0', 'BA', '')] 

 Len:  1


[Inst]  ('pull', 'pull (F0,BA,#1)') | inst type:  pull | instruction:  pull (F0,BA,#1)


 Parsed ====> [('pull', 'F0', 'BA', '#1')] 

 Len:  1


 Parsed ====> [('pull', 'F0', 'BA', '#1')] 

 Len:  1
Hash table:
         F0BA:True | S | 0.800 | <Simulator.State object at 0x7f049db45300>
         F0BA:False | 1 - S | 0.200 | <Simulator.State object at 0x7f049db45240>
Test of Correctness result:  Correct
==================================================


[Inst]  ('pull', 'pull (F0,BA,#2)') | inst type:  pull | instruction:  pull (F0,BA,#2)


 Parsed ====> [('pull', 'F0', 'BA', '#2')] 

 Len:  1


 Parsed ====> [('pull', 'F0', 'BA', '#2')] 

 Len:  1
Hash table:
         F0BA:True | -S*(S - 2) | 0.960 | <Simulator.State object at 0x7f049daa83d0>
         F0BA:False | (S - 1)**2 | 0.040 | <Simulator.State object at 0x7f049daa8580>
Test of Correctness result:  Correct
==================================================


[Inst]  ('pull', 'pull (F0,BA,#3)') | inst type:  pull | instruction:  pull (F0,BA,#3)


 Parsed ====> [('pull', 'F0', 'BA', '#3')] 

 Len:  1


 Parsed ====> [('pull', 'F0', 'BA', '#3')] 

 Len:  1
Hash table:
         F0BA:True | S*(S**2 - 3*S + 3) | 0.992 | <Simulator.State object at 0x7f049daa9f30>
         F0BA:False | -(S - 1)**3 | 0.008 | <Simulator.State object at 0x7f049daaa170>
Test of Correctness result:  Correct
==================================================
ID:  F0BA:False <Simulator.State object at 0x7f049db04e20>
        Left ID:  F0BA:False <Simulator.State object at 0x7f049db45240>
        Right ID:  F0BA:True <Simulator.State object at 0x7f049db45300>
--------------------------------------------------
ID:  F0BA:True <Simulator.State object at 0x7f049db45300>
        Right ID:  F0BA:True <Simulator.State object at 0x7f049daa83d0>
--------------------------------------------------
ID:  F0BA:False <Simulator.State object at 0x7f049db45240>
        Left ID:  F0BA:False <Simulator.State object at 0x7f049daa8580>
        Right ID:  F0BA:True <Simulator.State object at 0x7f049daa83d0>
--------------------------------------------------
ID:  F0BA:True <Simulator.State object at 0x7f049daa83d0>
        Right ID:  F0BA:True <Simulator.State object at 0x7f049daa9f30>
--------------------------------------------------
ID:  F0BA:False <Simulator.State object at 0x7f049daa8580>
        Left ID:  F0BA:False <Simulator.State object at 0x7f049daaa170>
        Right ID:  F0BA:True <Simulator.State object at 0x7f049daa9f30>
--------------------------------------------------